*** Starting uWSGI 2.0.17.1 (64bit) on [Thu Oct 25 14:42:28 2018] ***
compiled with version: 5.4.0 20160609 on 25 October 2018 03:59:23
os: Linux-4.4.0-31-generic #50-Ubuntu SMP Wed Jul 13 00:07:12 UTC 2016
nodename: ubuntu
machine: x86_64
clock source: unix
pcre jit disabled
detected number of CPU cores: 4
current working directory: /home/python/eth_control/script
writing pidfile to /home/python/eth_control/script/uwsgi.pid
detected binary path: /home/python/.virtualenvs/django_py3/bin/uwsgi
chdir() to /home/python/eth_control/
your processes number limit is 11669
your memory page size is 4096 bytes
detected max file descriptor number: 1048576
lock engine: pthread robust mutexes
thunder lock: enabled
bind(): Cannot assign requested address [core/socket.c line 769]
*** Starting uWSGI 2.0.17.1 (64bit) on [Thu Oct 25 14:43:22 2018] ***
compiled with version: 5.4.0 20160609 on 25 October 2018 03:59:23
os: Linux-4.4.0-31-generic #50-Ubuntu SMP Wed Jul 13 00:07:12 UTC 2016
nodename: ubuntu
machine: x86_64
clock source: unix
pcre jit disabled
detected number of CPU cores: 4
current working directory: /home/python/eth_control/script
writing pidfile to /home/python/eth_control/script/uwsgi.pid
detected binary path: /home/python/.virtualenvs/django_py3/bin/uwsgi
chdir() to /home/python/eth_control/
your processes number limit is 11669
your memory page size is 4096 bytes
detected max file descriptor number: 1048576
lock engine: pthread robust mutexes
thunder lock: enabled
bind(): Cannot assign requested address [core/socket.c line 769]
*** Starting uWSGI 2.0.17.1 (64bit) on [Thu Oct 25 14:44:18 2018] ***
compiled with version: 5.4.0 20160609 on 25 October 2018 03:59:23
os: Linux-4.4.0-31-generic #50-Ubuntu SMP Wed Jul 13 00:07:12 UTC 2016
nodename: ubuntu
machine: x86_64
clock source: unix
pcre jit disabled
detected number of CPU cores: 4
current working directory: /home/python/eth_control/script
writing pidfile to /home/python/eth_control/script/uwsgi.pid
detected binary path: /home/python/.virtualenvs/django_py3/bin/uwsgi
chdir() to /home/python/eth_control/
your processes number limit is 11669
your memory page size is 4096 bytes
detected max file descriptor number: 1048576
lock engine: pthread robust mutexes
thunder lock: enabled
bind(): Cannot assign requested address [core/socket.c line 769]
*** Starting uWSGI 2.0.17.1 (64bit) on [Thu Oct 25 14:44:21 2018] ***
compiled with version: 5.4.0 20160609 on 25 October 2018 03:59:23
os: Linux-4.4.0-31-generic #50-Ubuntu SMP Wed Jul 13 00:07:12 UTC 2016
nodename: ubuntu
machine: x86_64
clock source: unix
pcre jit disabled
detected number of CPU cores: 4
current working directory: /home/python/eth_control/script
writing pidfile to /home/python/eth_control/script/uwsgi.pid
detected binary path: /home/python/.virtualenvs/django_py3/bin/uwsgi
chdir() to /home/python/eth_control/
your processes number limit is 11669
your memory page size is 4096 bytes
detected max file descriptor number: 1048576
lock engine: pthread robust mutexes
thunder lock: enabled
bind(): Cannot assign requested address [core/socket.c line 769]
*** Starting uWSGI 2.0.17.1 (64bit) on [Thu Oct 25 14:46:20 2018] ***
compiled with version: 5.4.0 20160609 on 25 October 2018 03:59:23
os: Linux-4.4.0-31-generic #50-Ubuntu SMP Wed Jul 13 00:07:12 UTC 2016
nodename: ubuntu
machine: x86_64
clock source: unix
pcre jit disabled
detected number of CPU cores: 4
current working directory: /home/python/eth_control/script
writing pidfile to /home/python/eth_control/script/uwsgi.pid
detected binary path: /home/python/.virtualenvs/django_py3/bin/uwsgi
chdir() to /home/python/eth_control/
your processes number limit is 11669
your memory page size is 4096 bytes
detected max file descriptor number: 1048576
lock engine: pthread robust mutexes
thunder lock: enabled
bind(): Cannot assign requested address [core/socket.c line 769]
*** Starting uWSGI 2.0.17.1 (64bit) on [Thu Oct 25 14:46:23 2018] ***
compiled with version: 5.4.0 20160609 on 25 October 2018 03:59:23
os: Linux-4.4.0-31-generic #50-Ubuntu SMP Wed Jul 13 00:07:12 UTC 2016
nodename: ubuntu
machine: x86_64
clock source: unix
pcre jit disabled
detected number of CPU cores: 4
current working directory: /home/python/eth_control/script
writing pidfile to /home/python/eth_control/script/uwsgi.pid
detected binary path: /home/python/.virtualenvs/django_py3/bin/uwsgi
chdir() to /home/python/eth_control/
your processes number limit is 11669
your memory page size is 4096 bytes
detected max file descriptor number: 1048576
lock engine: pthread robust mutexes
thunder lock: enabled
bind(): Cannot assign requested address [core/socket.c line 769]
*** Starting uWSGI 2.0.17.1 (64bit) on [Thu Oct 25 14:47:33 2018] ***
compiled with version: 5.4.0 20160609 on 25 October 2018 03:59:23
os: Linux-4.4.0-31-generic #50-Ubuntu SMP Wed Jul 13 00:07:12 UTC 2016
nodename: ubuntu
machine: x86_64
clock source: unix
pcre jit disabled
detected number of CPU cores: 4
current working directory: /home/python/eth_control/script
writing pidfile to /home/python/eth_control/script/uwsgi.pid
detected binary path: /home/python/.virtualenvs/django_py3/bin/uwsgi
chdir() to /home/python/eth_control/
your processes number limit is 11669
your memory page size is 4096 bytes
detected max file descriptor number: 1048576
lock engine: pthread robust mutexes
thunder lock: disabled (you can enable it with --thunder-lock)
bind(): Cannot assign requested address [core/socket.c line 769]
*** Starting uWSGI 2.0.17.1 (64bit) on [Thu Oct 25 14:47:35 2018] ***
compiled with version: 5.4.0 20160609 on 25 October 2018 03:59:23
os: Linux-4.4.0-31-generic #50-Ubuntu SMP Wed Jul 13 00:07:12 UTC 2016
nodename: ubuntu
machine: x86_64
clock source: unix
pcre jit disabled
detected number of CPU cores: 4
current working directory: /home/python/eth_control/script
writing pidfile to /home/python/eth_control/script/uwsgi.pid
detected binary path: /home/python/.virtualenvs/django_py3/bin/uwsgi
chdir() to /home/python/eth_control/
your processes number limit is 11669
your memory page size is 4096 bytes
detected max file descriptor number: 1048576
lock engine: pthread robust mutexes
thunder lock: disabled (you can enable it with --thunder-lock)
bind(): Cannot assign requested address [core/socket.c line 769]
*** Starting uWSGI 2.0.17.1 (64bit) on [Thu Oct 25 14:47:37 2018] ***
compiled with version: 5.4.0 20160609 on 25 October 2018 03:59:23
os: Linux-4.4.0-31-generic #50-Ubuntu SMP Wed Jul 13 00:07:12 UTC 2016
nodename: ubuntu
machine: x86_64
clock source: unix
pcre jit disabled
detected number of CPU cores: 4
current working directory: /home/python/eth_control/script
writing pidfile to /home/python/eth_control/script/uwsgi.pid
detected binary path: /home/python/.virtualenvs/django_py3/bin/uwsgi
chdir() to /home/python/eth_control/
your processes number limit is 11669
your memory page size is 4096 bytes
detected max file descriptor number: 1048576
lock engine: pthread robust mutexes
thunder lock: disabled (you can enable it with --thunder-lock)
bind(): Cannot assign requested address [core/socket.c line 769]
